<?xml version="1.0" encoding="UTF-8"?>
<!-- Generated by org.testng.reporters.JUnitReportReporter -->
<testsuite hostname="Runubala" failures="0" tests="2" name="com.nt.partice.TestNgDemo" time="0.017" errors="0" timestamp="2022-09-10T17:56:06 IST" skipped="0">
  <testcase classname="com.nt.partice.TestNgDemo" name="userLogin" time="0.004"/>
  <system-out/>
  <testcase classname="com.nt.partice.TestNgDemo" name="userContolMoney" time="0.013"/>
  <system-out/>
</testsuite> <!-- com.nt.partice.TestNgDemo -->
