<?xml version="1.0" encoding="UTF-8"?>
<!-- Generated by org.testng.reporters.JUnitReportReporter -->
<testsuite hostname="Runubala" failures="0" tests="2" name="com.nt.partice.PraticeTestNgDemo" time="0.017" errors="0" timestamp="2022-09-10T17:18:48 IST" skipped="0">
  <testcase classname="com.nt.partice.PraticeTestNgDemo" name="registation" time="0.006"/>
  <system-out/>
  <testcase classname="com.nt.partice.PraticeTestNgDemo" name="loginTest" time="0.011"/>
  <system-out/>
</testsuite> <!-- com.nt.partice.PraticeTestNgDemo -->
