<?xml version="1.0" encoding="UTF-8"?>
<!-- Generated by org.testng.reporters.JUnitReportReporter -->
<testsuite hostname="Runubala" failures="0" tests="12" name="com.nt.Data_provider.Test_Dataprovider" time="0.034" errors="0" timestamp="2022-09-12T00:20:46 IST" skipped="0">
  <testcase classname="com.nt.Data_provider.Test_Dataprovider" name="Launchurl" time="0.001"/>
  <system-out/>
  <testcase classname="com.nt.Data_provider.Test_Dataprovider" name="Launchurl" time="0.016"/>
  <system-out/>
  <testcase classname="com.nt.Data_provider.Test_Dataprovider" name="Launchurl" time="0.002"/>
  <system-out/>
  <testcase classname="com.nt.Data_provider.Test_Dataprovider" name="Login" time="0.004"/>
  <system-out/>
  <testcase classname="com.nt.Data_provider.Test_Dataprovider" name="Login" time="0.002"/>
  <system-out/>
  <testcase classname="com.nt.Data_provider.Test_Dataprovider" name="Login" time="0.000"/>
  <system-out/>
  <testcase classname="com.nt.Data_provider.Test_Dataprovider" name="Using" time="0.001"/>
  <system-out/>
  <testcase classname="com.nt.Data_provider.Test_Dataprovider" name="Using" time="0.001"/>
  <system-out/>
  <testcase classname="com.nt.Data_provider.Test_Dataprovider" name="Using" time="0.002"/>
  <system-out/>
  <testcase classname="com.nt.Data_provider.Test_Dataprovider" name="Logout" time="0.001"/>
  <system-out/>
  <testcase classname="com.nt.Data_provider.Test_Dataprovider" name="Logout" time="0.002"/>
  <system-out/>
  <testcase classname="com.nt.Data_provider.Test_Dataprovider" name="Logout" time="0.002"/>
  <system-out/>
</testsuite> <!-- com.nt.Data_provider.Test_Dataprovider -->
