<?xml version="1.0" encoding="UTF-8"?>
<!-- Generated by org.testng.reporters.JUnitReportReporter -->
<testsuite hostname="Runubala" failures="0" tests="6" name="com.nt.partice.TestNGDemo2" time="0.019" errors="0" timestamp="2022-09-11T10:24:02 IST" skipped="1">
  <testcase classname="com.nt.partice.TestNGDemo2" name="vehicle" time="0.010"/>
  <system-out/>
  <testcase classname="com.nt.partice.TestNGDemo2" name="car" time="0.002"/>
  <system-out/>
  <testcase classname="com.nt.partice.TestNGDemo2" name="bike" time="0.001"/>
  <system-out/>
  <testcase classname="com.nt.partice.TestNGDemo2" name="truck" time="0.002"/>
  <system-out/>
  <testcase classname="com.nt.partice.TestNGDemo2" name="train" time="0.004"/>
  <system-out/>
  <testcase classname="com.nt.partice.TestNGDemo2" name="bus">
    <skipped/>
  </testcase> <!-- bus -->
  <system-out/>
</testsuite> <!-- com.nt.partice.TestNGDemo2 -->
