<?xml version="1.0" encoding="UTF-8"?>
<!-- Generated by org.testng.reporters.JUnitReportReporter -->
<testsuite hostname="Runubala" failures="0" tests="3" name="com.nt.partice.ITest_contextPratice" time="0.016" errors="0" timestamp="2022-09-12T17:52:35 IST" skipped="0">
  <testcase classname="com.nt.partice.ITest_contextPratice" name="SetUp" time="0.010"/>
  <system-out/>
  <testcase classname="com.nt.partice.ITest_contextPratice" name="Logic" time="0.005"/>
  <system-out/>
  <testcase classname="com.nt.partice.ITest_contextPratice" name="Exit" time="0.001"/>
  <system-out/>
</testsuite> <!-- com.nt.partice.ITest_contextPratice -->
