<?xml version="1.0" encoding="UTF-8"?>
<!-- Generated by org.testng.reporters.JUnitReportReporter -->
<testsuite hostname="Runubala" failures="0" tests="3" name="com.nt.partice.Data_Provider" time="0.025" errors="0" timestamp="2022-09-12T23:02:53 IST" skipped="0">
  <testcase classname="com.nt.partice.Data_Provider" name="DataMatrix" time="0.005"/>
  <system-out/>
  <testcase classname="com.nt.partice.Data_Provider" name="DataMatrix" time="0.007"/>
  <system-out/>
  <testcase classname="com.nt.partice.Data_Provider" name="DataMatrix" time="0.013"/>
  <system-out/>
</testsuite> <!-- com.nt.partice.Data_Provider -->
