<?xml version="1.0" encoding="UTF-8"?>
<!-- Generated by org.testng.reporters.JUnitReportReporter -->
<testsuite hostname="Runubala" failures="0" tests="3" name="com.nt.partice.GroupingDemo" time="0.016" errors="0" timestamp="2022-09-13T12:52:05 IST" skipped="0">
  <testcase classname="com.nt.partice.GroupingDemo" name="TC4" time="0.002"/>
  <system-out/>
  <testcase classname="com.nt.partice.GroupingDemo" name="TC1" time="0.011"/>
  <system-out/>
  <testcase classname="com.nt.partice.GroupingDemo" name="TC5" time="0.003"/>
  <system-out/>
</testsuite> <!-- com.nt.partice.GroupingDemo -->
